<?xml version="1.0" encoding="UTF-8"?>
<testsuite name="com.example.ApplicationTest" tests="4" skipped="0" failures="0" errors="0" timestamp="2022-02-14T10:17:56" hostname="LAPTOP-CODEF7QL" time="1.368">
  <properties/>
  <testcase name="accessAllHeroesEndpointQueryAllPages_AssertCorrectInformation" classname="com.example.ApplicationTest" time="1.334"/>
  <testcase name="accessAllHeroesEndpointQueryInvalidPageNumber_AssertError" classname="com.example.ApplicationTest" time="0.008"/>
  <testcase name="accessRootEndpoint_AssertCorrectInformation" classname="com.example.ApplicationTest" time="0.011"/>
  <testcase name="accessAllHeroesEndpointQueryNonExistingPageNumber_AssertError" classname="com.example.ApplicationTest" time="0.012"/>
  <system-out><![CDATA[2022-02-14 13:17:56.777 [Test worker] INFO  ktor.test - Autoreload is disabled because the development mode is off.
2022-02-14 13:17:56.795 [Test worker] INFO  ktor.test - Application started in 0.122 seconds.
2022-02-14 13:17:56.833 [Test worker] INFO  [Koin] - loaded 1 definitions - 2.6821 ms
]]></system-out>
  <system-err><![CDATA[]]></system-err>
</testsuite>
