<?xml version="1.0" encoding="UTF-8"?>
<testsuite name="com.example.ApplicationTest" tests="1" skipped="0" failures="0" errors="0" timestamp="2022-02-14T10:57:22" hostname="LAPTOP-CODEF7QL" time="1.194">
  <properties/>
  <testcase name="accessNonExistingEndpoint_AssertNotFound" classname="com.example.ApplicationTest" time="1.194"/>
  <system-out><![CDATA[2022-02-14 13:57:23.389 [Test worker] INFO  ktor.test - Autoreload is disabled because the development mode is off.
2022-02-14 13:57:23.405 [Test worker] INFO  ktor.test - Application started in 0.123 seconds.
2022-02-14 13:57:23.446 [Test worker] INFO  [Koin] - loaded 1 definitions - 3.5493 ms
]]></system-out>
  <system-err><![CDATA[]]></system-err>
</testsuite>
